# JRE version: OpenJDK Runtime Environment Microsoft-11926163 (17.0.16+8) (build 17.0.16+8-LTS)
# Java VM: OpenJDK 64-Bit Server VM Microsoft-11926163 (17.0.16+8-LTS, mixed mode, sharing, tiered, compressed oops, compressed class ptrs, g1 gc, windows-amd64)
GC Precious Log:
 CPUs: 16 total, 16 available
 Memory: 5981M
 Large Page Support: Disabled
 NUMA Support: Disabled
 Compressed Oops: Enabled (32-bit)
 Heap Region Size: 1M
 Heap Min Capacity: 8M
 Heap Initial Capacity: 94M
 Heap Max Capacity: 2G
 Pre-touch: Disabled
 Parallel Workers: 13
 Concurrent Workers: 3
 Concurrent Refinement Workers: 13
 Periodic GC: Disabled
Heap:
 garbage-first heap   total 220160K, used 164656K [0x0000000080000000, 0x0000000100000000)
  region size 1024K, 46 young (47104K), 6 survivors (6144K)
 Metaspace       used 113462K, committed 114432K, reserved 1179648K
  class space    used 15513K, committed 16000K, reserved 1048576K
GC Heap History (20 events):
Event: 46.331 GC heap before
{Heap before GC invocations=31 (full 0):
 garbage-first heap   total 220160K, used 157327K [0x0000000080000000, 0x0000000100000000)
  region size 1024K, 83 young (84992K), 5 survivors (5120K)
 Metaspace       used 74801K, committed 75584K, reserved 1114112K
  class space    used 10321K, committed 10688K, reserved 1048576K
}
Event: 46.351 GC heap after
{Heap after GC invocations=32 (full 0):
 garbage-first heap   total 220160K, used 78312K [0x0000000080000000, 0x0000000100000000)
  region size 1024K, 5 young (5120K), 5 survivors (5120K)
 Metaspace       used 74801K, committed 75584K, reserved 1114112K
  class space    used 10321K, committed 10688K, reserved 1048576K
}
Event: 46.633 GC heap before
{Heap before GC invocations=32 (full 0):
 garbage-first heap   total 220160K, used 83432K [0x0000000080000000, 0x0000000100000000)
  region size 1024K, 10 young (10240K), 5 survivors (5120K)
 Metaspace       used 75168K, committed 75968K, reserved 1179648K
  class space    used 10372K, committed 10752K, reserved 1048576K
}
Event: 46.796 GC heap after
{Heap after GC invocations=33 (full 0):
 garbage-first heap   total 220160K, used 78226K [0x0000000080000000, 0x0000000100000000)
  region size 1024K, 1 young (1024K), 1 survivors (1024K)
 Metaspace       used 75168K, committed 75968K, reserved 1179648K
  class space    used 10372K, committed 10752K, reserved 1048576K
}
Event: 51.567 GC heap before
{Heap before GC invocations=33 (full 0):
 garbage-first heap   total 220160K, used 170386K [0x0000000080000000, 0x0000000100000000)
  region size 1024K, 91 young (93184K), 1 survivors (1024K)
 Metaspace       used 81815K, committed 82560K, reserved 1179648K
  class space    used 11394K, committed 11776K, reserved 1048576K
}
Event: 51.578 GC heap after
{Heap after GC invocations=34 (full 0):
 garbage-first heap   total 220160K, used 81757K [0x0000000080000000, 0x0000000100000000)
  region size 1024K, 5 young (5120K), 5 survivors (5120K)
 Metaspace       used 81815K, committed 82560K, reserved 1179648K
  class space    used 11394K, committed 11776K, reserved 1048576K
}
Event: 55.830 GC heap before
{Heap before GC invocations=34 (full 0):
 garbage-first heap   total 220160K, used 176989K [0x0000000080000000, 0x0000000100000000)
  region size 1024K, 99 young (101376K), 5 survivors (5120K)
 Metaspace       used 89014K, committed 89792K, reserved 1179648K
  class space    used 12392K, committed 12800K, reserved 1048576K
}
Event: 55.841 GC heap after
{Heap after GC invocations=35 (full 0):
 garbage-first heap   total 220160K, used 86735K [0x0000000080000000, 0x0000000100000000)
  region size 1024K, 10 young (10240K), 10 survivors (10240K)
 Metaspace       used 89014K, committed 89792K, reserved 1179648K
  class space    used 12392K, committed 12800K, reserved 1048576K
}
Event: 61.353 GC heap before
{Heap before GC invocations=35 (full 0):
 garbage-first heap   total 220160K, used 182991K [0x0000000080000000, 0x0000000100000000)
  region size 1024K, 100 young (102400K), 10 survivors (10240K)
 Metaspace       used 93572K, committed 94400K, reserved 1179648K
  class space    used 12865K, committed 13248K, reserved 1048576K
}
Event: 61.426 GC heap after
{Heap after GC invocations=36 (full 0):
 garbage-first heap   total 220160K, used 99268K [0x0000000080000000, 0x0000000100000000)
  region size 1024K, 13 young (13312K), 13 survivors (13312K)
 Metaspace       used 93572K, committed 94400K, reserved 1179648K
  class space    used 12865K, committed 13248K, reserved 1048576K
}
Event: 67.383 GC heap before
{Heap before GC invocations=36 (full 0):
 garbage-first heap   total 220160K, used 176068K [0x0000000080000000, 0x0000000100000000)
  region size 1024K, 89 young (91136K), 13 survivors (13312K)
 Metaspace       used 96655K, committed 97536K, reserved 1179648K
  class space    used 13212K, committed 13632K, reserved 1048576K
}
Event: 67.414 GC heap after
{Heap after GC invocations=37 (full 0):
 garbage-first heap   total 220160K, used 106104K [0x0000000080000000, 0x0000000100000000)
  region size 1024K, 7 young (7168K), 7 survivors (7168K)
 Metaspace       used 96655K, committed 97536K, reserved 1179648K
  class space    used 13212K, committed 13632K, reserved 1048576K
}
Event: 80.860 GC heap before
{Heap before GC invocations=37 (full 0):
 garbage-first heap   total 220160K, used 176760K [0x0000000080000000, 0x0000000100000000)
  region size 1024K, 77 young (78848K), 7 survivors (7168K)
 Metaspace       used 98639K, committed 99520K, reserved 1179648K
  class space    used 13501K, committed 13888K, reserved 1048576K
}
Event: 81.032 GC heap after
{Heap after GC invocations=38 (full 0):
 garbage-first heap   total 220160K, used 112917K [0x0000000080000000, 0x0000000100000000)
  region size 1024K, 7 young (7168K), 7 survivors (7168K)
 Metaspace       used 98639K, committed 99520K, reserved 1179648K
  class space    used 13501K, committed 13888K, reserved 1048576K
}
Event: 115.492 GC heap before
{Heap before GC invocations=38 (full 0):
 garbage-first heap   total 220160K, used 177429K [0x0000000080000000, 0x0000000100000000)
  region size 1024K, 71 young (72704K), 7 survivors (7168K)
 Metaspace       used 102468K, committed 103424K, reserved 1179648K
  class space    used 14035K, committed 14528K, reserved 1048576K
}
Event: 115.634 GC heap after
{Heap after GC invocations=39 (full 0):
 garbage-first heap   total 220160K, used 113083K [0x0000000080000000, 0x0000000100000000)
  region size 1024K, 4 young (4096K), 4 survivors (4096K)
 Metaspace       used 102468K, committed 103424K, reserved 1179648K
  class space    used 14035K, committed 14528K, reserved 1048576K
}
Event: 126.971 GC heap before
{Heap before GC invocations=39 (full 0):
 garbage-first heap   total 220160K, used 179643K [0x0000000080000000, 0x0000000100000000)
  region size 1024K, 70 young (71680K), 4 survivors (4096K)
 Metaspace       used 107374K, committed 108352K, reserved 1179648K
  class space    used 14661K, committed 15168K, reserved 1048576K
}
Event: 127.020 GC heap after
{Heap after GC invocations=40 (full 0):
 garbage-first heap   total 220160K, used 119468K [0x0000000080000000, 0x0000000100000000)
  region size 1024K, 9 young (9216K), 9 survivors (9216K)
 Metaspace       used 107374K, committed 108352K, reserved 1179648K
  class space    used 14661K, committed 15168K, reserved 1048576K
}
Event: 130.837 GC heap before
{Heap before GC invocations=40 (full 0):
 garbage-first heap   total 220160K, used 179884K [0x0000000080000000, 0x0000000100000000)
  region size 1024K, 68 young (69632K), 9 survivors (9216K)
 Metaspace       used 111839K, committed 112832K, reserved 1179648K
  class space    used 15356K, committed 15808K, reserved 1048576K
}
Event: 130.989 GC heap after
{Heap after GC invocations=41 (full 0):
 garbage-first heap   total 220160K, used 124720K [0x0000000080000000, 0x0000000100000000)
  region size 1024K, 6 young (6144K), 6 survivors (6144K)
 Metaspace       used 111839K, committed 112832K, reserved 1179648K
  class space    used 15356K, committed 15808K, reserved 1048576K
}

